Determining if the pthread_create exist failed with the following output:
Change Dir: /home/tfx/niba2.0/CMakeFiles/CMakeTmp

Run Build Command:"/usr/bin/make" "cmTC_14307/fast"
/usr/bin/make -f CMakeFiles/cmTC_14307.dir/build.make CMakeFiles/cmTC_14307.dir/build
make[1]: Entering directory '/home/tfx/niba2.0/CMakeFiles/CMakeTmp'
Building C object CMakeFiles/cmTC_14307.dir/CheckSymbolExists.c.o
/usr/bin/cc    -o CMakeFiles/cmTC_14307.dir/CheckSymbolExists.c.o   -c /home/tfx/niba2.0/CMakeFiles/CMakeTmp/CheckSymbolExists.c
Linking C executable cmTC_14307
/usr/local/bin/cmake -E cmake_link_script CMakeFiles/cmTC_14307.dir/link.txt --verbose=1
/usr/bin/cc      CMakeFiles/cmTC_14307.dir/CheckSymbolExists.c.o  -o cmTC_14307 
CMakeFiles/cmTC_14307.dir/CheckSymbolExists.c.o：在函数‘main’中：
CheckSymbolExists.c:(.text+0x16)：对‘pthread_create’未定义的引用
collect2: error: ld returned 1 exit status
CMakeFiles/cmTC_14307.dir/build.make:86: recipe for target 'cmTC_14307' failed
make[1]: *** [cmTC_14307] Error 1
make[1]: Leaving directory '/home/tfx/niba2.0/CMakeFiles/CMakeTmp'
Makefile:121: recipe for target 'cmTC_14307/fast' failed
make: *** [cmTC_14307/fast] Error 2

File /home/tfx/niba2.0/CMakeFiles/CMakeTmp/CheckSymbolExists.c:
/* */
#include <pthread.h>

int main(int argc, char** argv)
{
  (void)argv;
#ifndef pthread_create
  return ((int*)(&pthread_create))[argc];
#else
  (void)argc;
  return 0;
#endif
}

